Generated at 2017-04-20 16:46:44 +0530
SystemExit: exit
C:/opscode/chefdk/embedded/lib/ruby/gems/2.3.0/gems/chef-12.19.36-universal-mingw32/lib/chef/application.rb:368:in `exit'
C:/opscode/chefdk/embedded/lib/ruby/gems/2.3.0/gems/chef-12.19.36-universal-mingw32/lib/chef/application.rb:368:in `fatal!'
C:/opscode/chefdk/embedded/lib/ruby/gems/2.3.0/gems/chef-12.19.36-universal-mingw32/lib/chef/application.rb:64:in `block in setup_signal_handlers'
C:/opscode/chefdk/embedded/lib/ruby/gems/2.3.0/gems/mixlib-shellout-2.2.7-universal-mingw32/lib/mixlib/shellout/windows.rb:160:in `select'
C:/opscode/chefdk/embedded/lib/ruby/gems/2.3.0/gems/mixlib-shellout-2.2.7-universal-mingw32/lib/mixlib/shellout/windows.rb:160:in `consume_output'
C:/opscode/chefdk/embedded/lib/ruby/gems/2.3.0/gems/mixlib-shellout-2.2.7-universal-mingw32/lib/mixlib/shellout/windows.rb:125:in `run_command'
C:/opscode/chefdk/embedded/lib/ruby/gems/2.3.0/gems/mixlib-shellout-2.2.7-universal-mingw32/lib/mixlib/shellout.rb:259:in `run_command'
C:/opscode/chefdk/embedded/lib/ruby/gems/2.3.0/gems/ohai-8.23.0/lib/ohai/mixin/command.rb:38:in `shell_out'
C:/opscode/chefdk/embedded/lib/ruby/gems/2.3.0/gems/ohai-8.23.0/lib/ohai/plugins/powershell.rb:75:in `parse_compatible_versions'
C:/opscode/chefdk/embedded/lib/ruby/gems/2.3.0/gems/ohai-8.23.0/lib/ohai/plugins/powershell.rb:49:in `block (2 levels) in <main>'
C:/opscode/chefdk/embedded/lib/ruby/gems/2.3.0/gems/ohai-8.23.0/lib/ohai/dsl/plugin/versionvii.rb:88:in `instance_eval'
C:/opscode/chefdk/embedded/lib/ruby/gems/2.3.0/gems/ohai-8.23.0/lib/ohai/dsl/plugin/versionvii.rb:88:in `run_plugin'
C:/opscode/chefdk/embedded/lib/ruby/gems/2.3.0/gems/ohai-8.23.0/lib/ohai/dsl/plugin.rb:100:in `run'
C:/opscode/chefdk/embedded/lib/ruby/gems/2.3.0/gems/ohai-8.23.0/lib/ohai/dsl/plugin.rb:184:in `safe_run'
C:/opscode/chefdk/embedded/lib/ruby/gems/2.3.0/gems/ohai-8.23.0/lib/ohai/runner.rb:84:in `run_v7_plugin'
C:/opscode/chefdk/embedded/lib/ruby/gems/2.3.0/gems/ohai-8.23.0/lib/ohai/runner.rb:43:in `run_plugin'
C:/opscode/chefdk/embedded/lib/ruby/gems/2.3.0/gems/ohai-8.23.0/lib/ohai/system.rb:98:in `block in run_plugins'
C:/opscode/chefdk/embedded/lib/ruby/gems/2.3.0/gems/ohai-8.23.0/lib/ohai/system.rb:97:in `each'
C:/opscode/chefdk/embedded/lib/ruby/gems/2.3.0/gems/ohai-8.23.0/lib/ohai/system.rb:97:in `run_plugins'
C:/opscode/chefdk/embedded/lib/ruby/gems/2.3.0/gems/ohai-8.23.0/lib/ohai/system.rb:75:in `all_plugins'
C:/opscode/chefdk/embedded/lib/ruby/gems/2.3.0/gems/chef-12.19.36-universal-mingw32/lib/chef/client.rb:561:in `run_ohai'
C:/opscode/chefdk/embedded/lib/ruby/gems/2.3.0/gems/chef-12.19.36-universal-mingw32/lib/chef/client.rb:265:in `run'
C:/opscode/chefdk/embedded/lib/ruby/gems/2.3.0/gems/chef-12.19.36-universal-mingw32/lib/chef/application.rb:277:in `run_with_graceful_exit_option'
C:/opscode/chefdk/embedded/lib/ruby/gems/2.3.0/gems/chef-12.19.36-universal-mingw32/lib/chef/application.rb:253:in `block in run_chef_client'
C:/opscode/chefdk/embedded/lib/ruby/gems/2.3.0/gems/chef-12.19.36-universal-mingw32/lib/chef/local_mode.rb:44:in `with_server_connectivity'
C:/opscode/chefdk/embedded/lib/ruby/gems/2.3.0/gems/chef-12.19.36-universal-mingw32/lib/chef/application.rb:236:in `run_chef_client'
C:/opscode/chefdk/embedded/lib/ruby/gems/2.3.0/gems/chef-12.19.36-universal-mingw32/lib/chef/application/client.rb:464:in `sleep_then_run_chef_client'
C:/opscode/chefdk/embedded/lib/ruby/gems/2.3.0/gems/chef-12.19.36-universal-mingw32/lib/chef/application/client.rb:451:in `block in interval_run_chef_client'
C:/opscode/chefdk/embedded/lib/ruby/gems/2.3.0/gems/chef-12.19.36-universal-mingw32/lib/chef/application/client.rb:450:in `loop'
C:/opscode/chefdk/embedded/lib/ruby/gems/2.3.0/gems/chef-12.19.36-universal-mingw32/lib/chef/application/client.rb:450:in `interval_run_chef_client'
C:/opscode/chefdk/embedded/lib/ruby/gems/2.3.0/gems/chef-12.19.36-universal-mingw32/lib/chef/application/client.rb:434:in `run_application'
C:/opscode/chefdk/embedded/lib/ruby/gems/2.3.0/gems/chef-12.19.36-universal-mingw32/lib/chef/application.rb:59:in `run'
C:/opscode/chefdk/embedded/lib/ruby/gems/2.3.0/gems/chef-12.19.36-universal-mingw32/lib/chef/application/solo.rb:226:in `run'
C:/opscode/chefdk/embedded/lib/ruby/gems/2.3.0/gems/chef-12.19.36-universal-mingw32/bin/chef-solo:25:in `<top (required)>'
C:/opscode/chefdk/bin/chef-solo:69:in `load'
C:/opscode/chefdk/bin/chef-solo:69:in `<main>'